{"total": {"lines":{"total":1819,"covered":1513,"skipped":0,"pct":83.17},"statements":{"total":1819,"covered":1513,"skipped":0,"pct":83.17},"functions":{"total":264,"covered":217,"skipped":0,"pct":82.19},"branches":{"total":512,"covered":441,"skipped":0,"pct":86.13},"branchesTrue":{"total":0,"covered":0,"skipped":0,"pct":100}}
,"C:\\Dev\\Zern\\zern-kernel\\src\\alerts\\alert-bus.ts": {"lines":{"total":61,"covered":61,"skipped":0,"pct":100},"functions":{"total":12,"covered":12,"skipped":0,"pct":100},"statements":{"total":61,"covered":61,"skipped":0,"pct":100},"branches":{"total":25,"covered":25,"skipped":0,"pct":100}}
,"C:\\Dev\\Zern\\zern-kernel\\src\\alerts\\channels.ts": {"lines":{"total":36,"covered":36,"skipped":0,"pct":100},"functions":{"total":7,"covered":7,"skipped":0,"pct":100},"statements":{"total":36,"covered":36,"skipped":0,"pct":100},"branches":{"total":14,"covered":14,"skipped":0,"pct":100}}
,"C:\\Dev\\Zern\\zern-kernel\\src\\core\\accessor.ts": {"lines":{"total":47,"covered":25,"skipped":0,"pct":53.19},"functions":{"total":8,"covered":3,"skipped":0,"pct":37.5},"statements":{"total":47,"covered":25,"skipped":0,"pct":53.19},"branches":{"total":4,"covered":3,"skipped":0,"pct":75}}
,"C:\\Dev\\Zern\\zern-kernel\\src\\core\\builder.ts": {"lines":{"total":28,"covered":28,"skipped":0,"pct":100},"functions":{"total":5,"covered":5,"skipped":0,"pct":100},"statements":{"total":28,"covered":28,"skipped":0,"pct":100},"branches":{"total":5,"covered":5,"skipped":0,"pct":100}}
,"C:\\Dev\\Zern\\zern-kernel\\src\\core\\createKernel.ts": {"lines":{"total":6,"covered":6,"skipped":0,"pct":100},"functions":{"total":1,"covered":1,"skipped":0,"pct":100},"statements":{"total":6,"covered":6,"skipped":0,"pct":100},"branches":{"total":1,"covered":1,"skipped":0,"pct":100}}
,"C:\\Dev\\Zern\\zern-kernel\\src\\core\\kernel.ts": {"lines":{"total":219,"covered":192,"skipped":0,"pct":87.67},"functions":{"total":19,"covered":13,"skipped":0,"pct":68.42},"statements":{"total":219,"covered":192,"skipped":0,"pct":87.67},"branches":{"total":43,"covered":35,"skipped":0,"pct":81.39}}
,"C:\\Dev\\Zern\\zern-kernel\\src\\core\\registry.ts": {"lines":{"total":28,"covered":26,"skipped":0,"pct":92.85},"functions":{"total":8,"covered":7,"skipped":0,"pct":87.5},"statements":{"total":28,"covered":26,"skipped":0,"pct":92.85},"branches":{"total":11,"covered":10,"skipped":0,"pct":90.9}}
,"C:\\Dev\\Zern\\zern-kernel\\src\\diagnostics\\logger.ts": {"lines":{"total":40,"covered":40,"skipped":0,"pct":100},"functions":{"total":10,"covered":10,"skipped":0,"pct":100},"statements":{"total":40,"covered":40,"skipped":0,"pct":100},"branches":{"total":24,"covered":24,"skipped":0,"pct":100}}
,"C:\\Dev\\Zern\\zern-kernel\\src\\diagnostics\\metrics.ts": {"lines":{"total":61,"covered":61,"skipped":0,"pct":100},"functions":{"total":12,"covered":12,"skipped":0,"pct":100},"statements":{"total":61,"covered":61,"skipped":0,"pct":100},"branches":{"total":16,"covered":16,"skipped":0,"pct":100}}
,"C:\\Dev\\Zern\\zern-kernel\\src\\errors\\error-bus.ts": {"lines":{"total":73,"covered":70,"skipped":0,"pct":95.89},"functions":{"total":9,"covered":8,"skipped":0,"pct":88.88},"statements":{"total":73,"covered":70,"skipped":0,"pct":95.89},"branches":{"total":16,"covered":14,"skipped":0,"pct":87.5}}
,"C:\\Dev\\Zern\\zern-kernel\\src\\errors\\kernel-errors.ts": {"lines":{"total":72,"covered":57,"skipped":0,"pct":79.16},"functions":{"total":8,"covered":6,"skipped":0,"pct":75},"statements":{"total":72,"covered":57,"skipped":0,"pct":79.16},"branches":{"total":6,"covered":6,"skipped":0,"pct":100}}
,"C:\\Dev\\Zern\\zern-kernel\\src\\errors\\policies.ts": {"lines":{"total":30,"covered":4,"skipped":0,"pct":13.33},"functions":{"total":3,"covered":0,"skipped":0,"pct":0},"statements":{"total":30,"covered":4,"skipped":0,"pct":13.33},"branches":{"total":0,"covered":0,"skipped":0,"pct":100}}
,"C:\\Dev\\Zern\\zern-kernel\\src\\events\\event-bus.ts": {"lines":{"total":235,"covered":193,"skipped":0,"pct":82.12},"functions":{"total":37,"covered":28,"skipped":0,"pct":75.67},"statements":{"total":235,"covered":193,"skipped":0,"pct":82.12},"branches":{"total":58,"covered":40,"skipped":0,"pct":68.96}}
,"C:\\Dev\\Zern\\zern-kernel\\src\\events\\middlewares.ts": {"lines":{"total":0,"covered":0,"skipped":0,"pct":100},"functions":{"total":0,"covered":0,"skipped":0,"pct":100},"statements":{"total":0,"covered":0,"skipped":0,"pct":100},"branches":{"total":0,"covered":0,"skipped":0,"pct":100}}
,"C:\\Dev\\Zern\\zern-kernel\\src\\events\\operators.ts": {"lines":{"total":25,"covered":3,"skipped":0,"pct":12},"functions":{"total":4,"covered":0,"skipped":0,"pct":0},"statements":{"total":25,"covered":3,"skipped":0,"pct":12},"branches":{"total":0,"covered":0,"skipped":0,"pct":100}}
,"C:\\Dev\\Zern\\zern-kernel\\src\\events\\adapters\\node-event-emitter.ts": {"lines":{"total":18,"covered":16,"skipped":0,"pct":88.88},"functions":{"total":3,"covered":2,"skipped":0,"pct":66.66},"statements":{"total":18,"covered":16,"skipped":0,"pct":88.88},"branches":{"total":3,"covered":3,"skipped":0,"pct":100}}
,"C:\\Dev\\Zern\\zern-kernel\\src\\events\\adapters\\rxjs.ts": {"lines":{"total":17,"covered":1,"skipped":0,"pct":5.88},"functions":{"total":1,"covered":0,"skipped":0,"pct":0},"statements":{"total":17,"covered":1,"skipped":0,"pct":5.88},"branches":{"total":0,"covered":0,"skipped":0,"pct":100}}
,"C:\\Dev\\Zern\\zern-kernel\\src\\hooks\\hook-bus.ts": {"lines":{"total":52,"covered":40,"skipped":0,"pct":76.92},"functions":{"total":11,"covered":7,"skipped":0,"pct":63.63},"statements":{"total":52,"covered":40,"skipped":0,"pct":76.92},"branches":{"total":11,"covered":9,"skipped":0,"pct":81.81}}
,"C:\\Dev\\Zern\\zern-kernel\\src\\hooks\\hook.ts": {"lines":{"total":38,"covered":30,"skipped":0,"pct":78.94},"functions":{"total":9,"covered":7,"skipped":0,"pct":77.77},"statements":{"total":38,"covered":30,"skipped":0,"pct":78.94},"branches":{"total":11,"covered":10,"skipped":0,"pct":90.9}}
,"C:\\Dev\\Zern\\zern-kernel\\src\\lifecycle\\lifecycle-engine.ts": {"lines":{"total":50,"covered":50,"skipped":0,"pct":100},"functions":{"total":5,"covered":5,"skipped":0,"pct":100},"statements":{"total":50,"covered":50,"skipped":0,"pct":100},"branches":{"total":19,"covered":18,"skipped":0,"pct":94.73}}
,"C:\\Dev\\Zern\\zern-kernel\\src\\lifecycle\\lifecycle-events.ts": {"lines":{"total":39,"covered":21,"skipped":0,"pct":53.84},"functions":{"total":7,"covered":4,"skipped":0,"pct":57.14},"statements":{"total":39,"covered":21,"skipped":0,"pct":53.84},"branches":{"total":6,"covered":4,"skipped":0,"pct":66.66}}
,"C:\\Dev\\Zern\\zern-kernel\\src\\lifecycle\\lifecycle-policies.ts": {"lines":{"total":18,"covered":16,"skipped":0,"pct":88.88},"functions":{"total":2,"covered":2,"skipped":0,"pct":100},"statements":{"total":18,"covered":16,"skipped":0,"pct":88.88},"branches":{"total":8,"covered":4,"skipped":0,"pct":50}}
,"C:\\Dev\\Zern\\zern-kernel\\src\\plugin\\augmentation.ts": {"lines":{"total":55,"covered":32,"skipped":0,"pct":58.18},"functions":{"total":5,"covered":3,"skipped":0,"pct":60},"statements":{"total":55,"covered":32,"skipped":0,"pct":58.18},"branches":{"total":8,"covered":6,"skipped":0,"pct":75}}
,"C:\\Dev\\Zern\\zern-kernel\\src\\plugin\\definePlugin.ts": {"lines":{"total":20,"covered":20,"skipped":0,"pct":100},"functions":{"total":4,"covered":4,"skipped":0,"pct":100},"statements":{"total":20,"covered":20,"skipped":0,"pct":100},"branches":{"total":5,"covered":4,"skipped":0,"pct":80}}
,"C:\\Dev\\Zern\\zern-kernel\\src\\plugin\\descriptors.ts": {"lines":{"total":27,"covered":20,"skipped":0,"pct":74.07},"functions":{"total":4,"covered":2,"skipped":0,"pct":50},"statements":{"total":27,"covered":20,"skipped":0,"pct":74.07},"branches":{"total":4,"covered":2,"skipped":0,"pct":50}}
,"C:\\Dev\\Zern\\zern-kernel\\src\\plugin\\options.ts": {"lines":{"total":16,"covered":6,"skipped":0,"pct":37.5},"functions":{"total":2,"covered":1,"skipped":0,"pct":50},"statements":{"total":16,"covered":6,"skipped":0,"pct":37.5},"branches":{"total":2,"covered":1,"skipped":0,"pct":50}}
,"C:\\Dev\\Zern\\zern-kernel\\src\\resolve\\constraint-graph.ts": {"lines":{"total":39,"covered":39,"skipped":0,"pct":100},"functions":{"total":9,"covered":9,"skipped":0,"pct":100},"statements":{"total":39,"covered":39,"skipped":0,"pct":100},"branches":{"total":19,"covered":13,"skipped":0,"pct":68.42}}
,"C:\\Dev\\Zern\\zern-kernel\\src\\resolve\\order-resolver.ts": {"lines":{"total":116,"covered":93,"skipped":0,"pct":80.17},"functions":{"total":9,"covered":9,"skipped":0,"pct":100},"statements":{"total":116,"covered":93,"skipped":0,"pct":80.17},"branches":{"total":48,"covered":41,"skipped":0,"pct":85.41}}
,"C:\\Dev\\Zern\\zern-kernel\\src\\resolve\\topological-sort.ts": {"lines":{"total":38,"covered":36,"skipped":0,"pct":94.73},"functions":{"total":2,"covered":2,"skipped":0,"pct":100},"statements":{"total":38,"covered":36,"skipped":0,"pct":94.73},"branches":{"total":11,"covered":8,"skipped":0,"pct":72.72}}
,"C:\\Dev\\Zern\\zern-kernel\\src\\utils\\concurrency.ts": {"lines":{"total":78,"covered":78,"skipped":0,"pct":100},"functions":{"total":11,"covered":11,"skipped":0,"pct":100},"statements":{"total":78,"covered":78,"skipped":0,"pct":100},"branches":{"total":29,"covered":28,"skipped":0,"pct":96.55}}
,"C:\\Dev\\Zern\\zern-kernel\\src\\utils\\guards.ts": {"lines":{"total":37,"covered":37,"skipped":0,"pct":100},"functions":{"total":10,"covered":10,"skipped":0,"pct":100},"statements":{"total":37,"covered":37,"skipped":0,"pct":100},"branches":{"total":18,"covered":18,"skipped":0,"pct":100}}
,"C:\\Dev\\Zern\\zern-kernel\\src\\utils\\result.ts": {"lines":{"total":75,"covered":75,"skipped":0,"pct":100},"functions":{"total":17,"covered":17,"skipped":0,"pct":100},"statements":{"total":75,"covered":75,"skipped":0,"pct":100},"branches":{"total":44,"covered":42,"skipped":0,"pct":95.45}}
,"C:\\Dev\\Zern\\zern-kernel\\src\\utils\\semver.ts": {"lines":{"total":50,"covered":31,"skipped":0,"pct":62},"functions":{"total":4,"covered":4,"skipped":0,"pct":100},"statements":{"total":50,"covered":31,"skipped":0,"pct":62},"branches":{"total":19,"covered":17,"skipped":0,"pct":89.47}}
,"C:\\Dev\\Zern\\zern-kernel\\src\\utils\\timing.ts": {"lines":{"total":75,"covered":70,"skipped":0,"pct":93.33},"functions":{"total":6,"covered":6,"skipped":0,"pct":100},"statements":{"total":75,"covered":70,"skipped":0,"pct":93.33},"branches":{"total":24,"covered":20,"skipped":0,"pct":83.33}}
}
