{"total": {"lines":{"total":1605,"covered":1022,"skipped":0,"pct":63.67},"statements":{"total":1605,"covered":1022,"skipped":0,"pct":63.67},"functions":{"total":174,"covered":106,"skipped":0,"pct":60.91},"branches":{"total":312,"covered":238,"skipped":0,"pct":76.28},"branchesTrue":{"total":0,"covered":0,"skipped":0,"pct":100}}
,"/home/runner/work/zern-kernel/zern-kernel/src/alerts/alert-bus.ts": {"lines":{"total":57,"covered":36,"skipped":0,"pct":63.15},"functions":{"total":8,"covered":4,"skipped":0,"pct":50},"statements":{"total":57,"covered":36,"skipped":0,"pct":63.15},"branches":{"total":9,"covered":5,"skipped":0,"pct":55.55}}
,"/home/runner/work/zern-kernel/zern-kernel/src/alerts/channels.ts": {"lines":{"total":35,"covered":9,"skipped":0,"pct":25.71},"functions":{"total":4,"covered":0,"skipped":0,"pct":0},"statements":{"total":35,"covered":9,"skipped":0,"pct":25.71},"branches":{"total":0,"covered":0,"skipped":0,"pct":100}}
,"/home/runner/work/zern-kernel/zern-kernel/src/core/accessor.ts": {"lines":{"total":33,"covered":22,"skipped":0,"pct":66.66},"functions":{"total":4,"covered":2,"skipped":0,"pct":50},"statements":{"total":33,"covered":22,"skipped":0,"pct":66.66},"branches":{"total":3,"covered":2,"skipped":0,"pct":66.66}}
,"/home/runner/work/zern-kernel/zern-kernel/src/core/builder.ts": {"lines":{"total":25,"covered":25,"skipped":0,"pct":100},"functions":{"total":4,"covered":4,"skipped":0,"pct":100},"statements":{"total":25,"covered":25,"skipped":0,"pct":100},"branches":{"total":4,"covered":4,"skipped":0,"pct":100}}
,"/home/runner/work/zern-kernel/zern-kernel/src/core/createKernel.ts": {"lines":{"total":6,"covered":6,"skipped":0,"pct":100},"functions":{"total":1,"covered":1,"skipped":0,"pct":100},"statements":{"total":6,"covered":6,"skipped":0,"pct":100},"branches":{"total":1,"covered":1,"skipped":0,"pct":100}}
,"/home/runner/work/zern-kernel/zern-kernel/src/core/kernel.ts": {"lines":{"total":192,"covered":167,"skipped":0,"pct":86.97},"functions":{"total":9,"covered":6,"skipped":0,"pct":66.66},"statements":{"total":192,"covered":167,"skipped":0,"pct":86.97},"branches":{"total":40,"covered":32,"skipped":0,"pct":80}}
,"/home/runner/work/zern-kernel/zern-kernel/src/core/registry.ts": {"lines":{"total":26,"covered":24,"skipped":0,"pct":92.3},"functions":{"total":7,"covered":6,"skipped":0,"pct":85.71},"statements":{"total":26,"covered":24,"skipped":0,"pct":92.3},"branches":{"total":10,"covered":9,"skipped":0,"pct":90}}
,"/home/runner/work/zern-kernel/zern-kernel/src/diagnostics/debug.ts": {"lines":{"total":3,"covered":0,"skipped":0,"pct":0},"functions":{"total":1,"covered":0,"skipped":0,"pct":0},"statements":{"total":3,"covered":0,"skipped":0,"pct":0},"branches":{"total":1,"covered":0,"skipped":0,"pct":0}}
,"/home/runner/work/zern-kernel/zern-kernel/src/diagnostics/logger.ts": {"lines":{"total":40,"covered":0,"skipped":0,"pct":0},"functions":{"total":1,"covered":1,"skipped":0,"pct":100},"statements":{"total":40,"covered":0,"skipped":0,"pct":0},"branches":{"total":1,"covered":1,"skipped":0,"pct":100}}
,"/home/runner/work/zern-kernel/zern-kernel/src/diagnostics/metrics.ts": {"lines":{"total":63,"covered":0,"skipped":0,"pct":0},"functions":{"total":1,"covered":1,"skipped":0,"pct":100},"statements":{"total":63,"covered":0,"skipped":0,"pct":0},"branches":{"total":1,"covered":1,"skipped":0,"pct":100}}
,"/home/runner/work/zern-kernel/zern-kernel/src/errors/error-bus.ts": {"lines":{"total":55,"covered":52,"skipped":0,"pct":94.54},"functions":{"total":9,"covered":7,"skipped":0,"pct":77.77},"statements":{"total":55,"covered":52,"skipped":0,"pct":94.54},"branches":{"total":14,"covered":12,"skipped":0,"pct":85.71}}
,"/home/runner/work/zern-kernel/zern-kernel/src/errors/kernel-errors.ts": {"lines":{"total":72,"covered":57,"skipped":0,"pct":79.16},"functions":{"total":8,"covered":6,"skipped":0,"pct":75},"statements":{"total":72,"covered":57,"skipped":0,"pct":79.16},"branches":{"total":6,"covered":6,"skipped":0,"pct":100}}
,"/home/runner/work/zern-kernel/zern-kernel/src/errors/policies.ts": {"lines":{"total":30,"covered":4,"skipped":0,"pct":13.33},"functions":{"total":3,"covered":0,"skipped":0,"pct":0},"statements":{"total":30,"covered":4,"skipped":0,"pct":13.33},"branches":{"total":0,"covered":0,"skipped":0,"pct":100}}
,"/home/runner/work/zern-kernel/zern-kernel/src/events/event-bus.ts": {"lines":{"total":208,"covered":158,"skipped":0,"pct":75.96},"functions":{"total":27,"covered":19,"skipped":0,"pct":70.37},"statements":{"total":208,"covered":158,"skipped":0,"pct":75.96},"branches":{"total":49,"covered":31,"skipped":0,"pct":63.26}}
,"/home/runner/work/zern-kernel/zern-kernel/src/events/middlewares.ts": {"lines":{"total":0,"covered":0,"skipped":0,"pct":100},"functions":{"total":0,"covered":0,"skipped":0,"pct":100},"statements":{"total":0,"covered":0,"skipped":0,"pct":100},"branches":{"total":0,"covered":0,"skipped":0,"pct":100}}
,"/home/runner/work/zern-kernel/zern-kernel/src/events/operators.ts": {"lines":{"total":19,"covered":3,"skipped":0,"pct":15.78},"functions":{"total":3,"covered":0,"skipped":0,"pct":0},"statements":{"total":19,"covered":3,"skipped":0,"pct":15.78},"branches":{"total":0,"covered":0,"skipped":0,"pct":100}}
,"/home/runner/work/zern-kernel/zern-kernel/src/events/adapters/node-event-emitter.ts": {"lines":{"total":17,"covered":15,"skipped":0,"pct":88.23},"functions":{"total":4,"covered":3,"skipped":0,"pct":75},"statements":{"total":17,"covered":15,"skipped":0,"pct":88.23},"branches":{"total":3,"covered":3,"skipped":0,"pct":100}}
,"/home/runner/work/zern-kernel/zern-kernel/src/events/adapters/rxjs.ts": {"lines":{"total":16,"covered":1,"skipped":0,"pct":6.25},"functions":{"total":1,"covered":0,"skipped":0,"pct":0},"statements":{"total":16,"covered":1,"skipped":0,"pct":6.25},"branches":{"total":0,"covered":0,"skipped":0,"pct":100}}
,"/home/runner/work/zern-kernel/zern-kernel/src/hooks/hook-bus.ts": {"lines":{"total":36,"covered":26,"skipped":0,"pct":72.22},"functions":{"total":7,"covered":5,"skipped":0,"pct":71.42},"statements":{"total":36,"covered":26,"skipped":0,"pct":72.22},"branches":{"total":7,"covered":6,"skipped":0,"pct":85.71}}
,"/home/runner/work/zern-kernel/zern-kernel/src/hooks/hook.ts": {"lines":{"total":29,"covered":21,"skipped":0,"pct":72.41},"functions":{"total":5,"covered":3,"skipped":0,"pct":60},"statements":{"total":29,"covered":21,"skipped":0,"pct":72.41},"branches":{"total":7,"covered":6,"skipped":0,"pct":85.71}}
,"/home/runner/work/zern-kernel/zern-kernel/src/lifecycle/lifecycle-engine.ts": {"lines":{"total":35,"covered":35,"skipped":0,"pct":100},"functions":{"total":2,"covered":2,"skipped":0,"pct":100},"statements":{"total":35,"covered":35,"skipped":0,"pct":100},"branches":{"total":13,"covered":12,"skipped":0,"pct":92.3}}
,"/home/runner/work/zern-kernel/zern-kernel/src/lifecycle/lifecycle-events.ts": {"lines":{"total":25,"covered":15,"skipped":0,"pct":60},"functions":{"total":3,"covered":2,"skipped":0,"pct":66.66},"statements":{"total":25,"covered":15,"skipped":0,"pct":60},"branches":{"total":4,"covered":2,"skipped":0,"pct":50}}
,"/home/runner/work/zern-kernel/zern-kernel/src/lifecycle/lifecycle-policies.ts": {"lines":{"total":18,"covered":16,"skipped":0,"pct":88.88},"functions":{"total":2,"covered":2,"skipped":0,"pct":100},"statements":{"total":18,"covered":16,"skipped":0,"pct":88.88},"branches":{"total":8,"covered":4,"skipped":0,"pct":50}}
,"/home/runner/work/zern-kernel/zern-kernel/src/plugin/augmentation.ts": {"lines":{"total":39,"covered":29,"skipped":0,"pct":74.35},"functions":{"total":2,"covered":2,"skipped":0,"pct":100},"statements":{"total":39,"covered":29,"skipped":0,"pct":74.35},"branches":{"total":7,"covered":5,"skipped":0,"pct":71.42}}
,"/home/runner/work/zern-kernel/zern-kernel/src/plugin/definePlugin.ts": {"lines":{"total":19,"covered":18,"skipped":0,"pct":94.73},"functions":{"total":3,"covered":3,"skipped":0,"pct":100},"statements":{"total":19,"covered":18,"skipped":0,"pct":94.73},"branches":{"total":4,"covered":3,"skipped":0,"pct":75}}
,"/home/runner/work/zern-kernel/zern-kernel/src/plugin/descriptors.ts": {"lines":{"total":24,"covered":17,"skipped":0,"pct":70.83},"functions":{"total":3,"covered":1,"skipped":0,"pct":33.33},"statements":{"total":24,"covered":17,"skipped":0,"pct":70.83},"branches":{"total":3,"covered":1,"skipped":0,"pct":33.33}}
,"/home/runner/work/zern-kernel/zern-kernel/src/plugin/options.ts": {"lines":{"total":13,"covered":7,"skipped":0,"pct":53.84},"functions":{"total":1,"covered":1,"skipped":0,"pct":100},"statements":{"total":13,"covered":7,"skipped":0,"pct":53.84},"branches":{"total":3,"covered":1,"skipped":0,"pct":33.33}}
,"/home/runner/work/zern-kernel/zern-kernel/src/resolve/constraint-graph.ts": {"lines":{"total":35,"covered":35,"skipped":0,"pct":100},"functions":{"total":7,"covered":7,"skipped":0,"pct":100},"statements":{"total":35,"covered":35,"skipped":0,"pct":100},"branches":{"total":16,"covered":10,"skipped":0,"pct":62.5}}
,"/home/runner/work/zern-kernel/zern-kernel/src/resolve/order-resolver.ts": {"lines":{"total":81,"covered":58,"skipped":0,"pct":71.6},"functions":{"total":2,"covered":2,"skipped":0,"pct":100},"statements":{"total":81,"covered":58,"skipped":0,"pct":71.6},"branches":{"total":37,"covered":31,"skipped":0,"pct":83.78}}
,"/home/runner/work/zern-kernel/zern-kernel/src/resolve/topological-sort.ts": {"lines":{"total":38,"covered":36,"skipped":0,"pct":94.73},"functions":{"total":1,"covered":1,"skipped":0,"pct":100},"statements":{"total":38,"covered":36,"skipped":0,"pct":94.73},"branches":{"total":9,"covered":7,"skipped":0,"pct":77.77}}
,"/home/runner/work/zern-kernel/zern-kernel/src/utils/concurrency.ts": {"lines":{"total":69,"covered":49,"skipped":0,"pct":71.01},"functions":{"total":7,"covered":6,"skipped":0,"pct":85.71},"statements":{"total":69,"covered":49,"skipped":0,"pct":71.01},"branches":{"total":19,"covered":18,"skipped":0,"pct":94.73}}
,"/home/runner/work/zern-kernel/zern-kernel/src/utils/guards.ts": {"lines":{"total":37,"covered":23,"skipped":0,"pct":62.16},"functions":{"total":10,"covered":4,"skipped":0,"pct":40},"statements":{"total":37,"covered":23,"skipped":0,"pct":62.16},"branches":{"total":7,"covered":5,"skipped":0,"pct":71.42}}
,"/home/runner/work/zern-kernel/zern-kernel/src/utils/result.ts": {"lines":{"total":78,"covered":27,"skipped":0,"pct":34.61},"functions":{"total":17,"covered":3,"skipped":0,"pct":17.64},"statements":{"total":78,"covered":27,"skipped":0,"pct":34.61},"branches":{"total":5,"covered":3,"skipped":0,"pct":60}}
,"/home/runner/work/zern-kernel/zern-kernel/src/utils/semver.ts": {"lines":{"total":59,"covered":28,"skipped":0,"pct":47.45},"functions":{"total":2,"covered":2,"skipped":0,"pct":100},"statements":{"total":59,"covered":28,"skipped":0,"pct":47.45},"branches":{"total":21,"covered":17,"skipped":0,"pct":80.95}}
,"/home/runner/work/zern-kernel/zern-kernel/src/utils/timing.ts": {"lines":{"total":73,"covered":3,"skipped":0,"pct":4.1},"functions":{"total":5,"covered":0,"skipped":0,"pct":0},"statements":{"total":73,"covered":3,"skipped":0,"pct":4.1},"branches":{"total":0,"covered":0,"skipped":0,"pct":100}}
}
